<?xml version="1.0" encoding="UTF-8"?>
<testsuite xmlns:xsi="http://www.w3.org/2001/XMLSchema-instance" xsi:noNamespaceSchemaLocation="https://maven.apache.org/surefire/maven-surefire-plugin/xsd/surefire-test-report-3.0.xsd" version="3.0" name="TestSuite" time="0.592" tests="3" errors="0" skipped="0" failures="0">
  <properties>
    <property name="gopherProxySet" value="false"/>
    <property name="awt.toolkit" value="sun.lwawt.macosx.LWCToolkit"/>
    <property name="file.encoding.pkg" value="sun.io"/>
    <property name="java.specification.version" value="1.8"/>
    <property name="sun.cpu.isalist" value=""/>
    <property name="sun.jnu.encoding" value="UTF-8"/>
    <property name="java.class.path" value="/Users/madhubabusunkara/eclipse-workspace/Mavenjava/target/test-classes:/Users/madhubabusunkara/eclipse-workspace/Mavenjava/target/classes:/Users/madhubabusunkara/.m2/repository/org/seleniumhq/selenium/selenium-java/3.141.5/selenium-java-3.141.5.jar:/Users/madhubabusunkara/.m2/repository/org/seleniumhq/selenium/selenium-api/3.141.5/selenium-api-3.141.5.jar:/Users/madhubabusunkara/.m2/repository/org/seleniumhq/selenium/selenium-chrome-driver/3.141.5/selenium-chrome-driver-3.141.5.jar:/Users/madhubabusunkara/.m2/repository/org/seleniumhq/selenium/selenium-edge-driver/3.141.5/selenium-edge-driver-3.141.5.jar:/Users/madhubabusunkara/.m2/repository/org/seleniumhq/selenium/selenium-firefox-driver/3.141.5/selenium-firefox-driver-3.141.5.jar:/Users/madhubabusunkara/.m2/repository/org/seleniumhq/selenium/selenium-ie-driver/3.141.5/selenium-ie-driver-3.141.5.jar:/Users/madhubabusunkara/.m2/repository/org/seleniumhq/selenium/selenium-opera-driver/3.141.5/selenium-opera-driver-3.141.5.jar:/Users/madhubabusunkara/.m2/repository/org/seleniumhq/selenium/selenium-remote-driver/3.141.5/selenium-remote-driver-3.141.5.jar:/Users/madhubabusunkara/.m2/repository/org/seleniumhq/selenium/selenium-safari-driver/3.141.5/selenium-safari-driver-3.141.5.jar:/Users/madhubabusunkara/.m2/repository/org/seleniumhq/selenium/selenium-support/3.141.5/selenium-support-3.141.5.jar:/Users/madhubabusunkara/.m2/repository/net/bytebuddy/byte-buddy/1.8.15/byte-buddy-1.8.15.jar:/Users/madhubabusunkara/.m2/repository/org/apache/commons/commons-exec/1.3/commons-exec-1.3.jar:/Users/madhubabusunkara/.m2/repository/com/google/guava/guava/25.0-jre/guava-25.0-jre.jar:/Users/madhubabusunkara/.m2/repository/com/google/code/findbugs/jsr305/1.3.9/jsr305-1.3.9.jar:/Users/madhubabusunkara/.m2/repository/org/checkerframework/checker-compat-qual/2.0.0/checker-compat-qual-2.0.0.jar:/Users/madhubabusunkara/.m2/repository/com/google/errorprone/error_prone_annotations/2.1.3/error_prone_annotations-2.1.3.jar:/Users/madhubabusunkara/.m2/repository/com/google/j2objc/j2objc-annotations/1.1/j2objc-annotations-1.1.jar:/Users/madhubabusunkara/.m2/repository/org/codehaus/mojo/animal-sniffer-annotations/1.14/animal-sniffer-annotations-1.14.jar:/Users/madhubabusunkara/.m2/repository/com/squareup/okhttp3/okhttp/3.11.0/okhttp-3.11.0.jar:/Users/madhubabusunkara/.m2/repository/com/squareup/okio/okio/1.14.0/okio-1.14.0.jar:/Users/madhubabusunkara/.m2/repository/io/rest-assured/rest-assured/4.3.3/rest-assured-4.3.3.jar:/Users/madhubabusunkara/.m2/repository/org/codehaus/groovy/groovy/3.0.7/groovy-3.0.7.jar:/Users/madhubabusunkara/.m2/repository/org/codehaus/groovy/groovy-xml/3.0.7/groovy-xml-3.0.7.jar:/Users/madhubabusunkara/.m2/repository/org/apache/httpcomponents/httpclient/4.5.3/httpclient-4.5.3.jar:/Users/madhubabusunkara/.m2/repository/org/apache/httpcomponents/httpcore/4.4.6/httpcore-4.4.6.jar:/Users/madhubabusunkara/.m2/repository/commons-logging/commons-logging/1.2/commons-logging-1.2.jar:/Users/madhubabusunkara/.m2/repository/commons-codec/commons-codec/1.9/commons-codec-1.9.jar:/Users/madhubabusunkara/.m2/repository/org/apache/httpcomponents/httpmime/4.5.3/httpmime-4.5.3.jar:/Users/madhubabusunkara/.m2/repository/org/hamcrest/hamcrest/2.1/hamcrest-2.1.jar:/Users/madhubabusunkara/.m2/repository/org/ccil/cowan/tagsoup/tagsoup/1.2.1/tagsoup-1.2.1.jar:/Users/madhubabusunkara/.m2/repository/io/rest-assured/json-path/4.3.3/json-path-4.3.3.jar:/Users/madhubabusunkara/.m2/repository/org/codehaus/groovy/groovy-json/3.0.7/groovy-json-3.0.7.jar:/Users/madhubabusunkara/.m2/repository/io/rest-assured/rest-assured-common/4.3.3/rest-assured-common-4.3.3.jar:/Users/madhubabusunkara/.m2/repository/io/rest-assured/xml-path/4.3.3/xml-path-4.3.3.jar:/Users/madhubabusunkara/.m2/repository/jakarta/xml/bind/jakarta.xml.bind-api/2.3.3/jakarta.xml.bind-api-2.3.3.jar:/Users/madhubabusunkara/.m2/repository/jakarta/activation/jakarta.activation-api/1.2.2/jakarta.activation-api-1.2.2.jar:/Users/madhubabusunkara/.m2/repository/com/sun/xml/bind/jaxb-impl/2.3.3/jaxb-impl-2.3.3.jar:/Users/madhubabusunkara/.m2/repository/org/testng/testng/7.1.0/testng-7.1.0.jar:/Users/madhubabusunkara/.m2/repository/com/beust/jcommander/1.72/jcommander-1.72.jar:/Users/madhubabusunkara/.m2/repository/com/google/inject/guice/4.1.0/guice-4.1.0-no_aop.jar:/Users/madhubabusunkara/.m2/repository/javax/inject/javax.inject/1/javax.inject-1.jar:/Users/madhubabusunkara/.m2/repository/aopalliance/aopalliance/1.0/aopalliance-1.0.jar:/Users/madhubabusunkara/.m2/repository/org/yaml/snakeyaml/1.21/snakeyaml-1.21.jar:/Users/madhubabusunkara/.m2/repository/io/appium/java-client/7.4.1/java-client-7.4.1.jar:/Users/madhubabusunkara/.m2/repository/com/google/code/gson/gson/2.8.6/gson-2.8.6.jar:/Users/madhubabusunkara/.m2/repository/cglib/cglib/3.3.0/cglib-3.3.0.jar:/Users/madhubabusunkara/.m2/repository/org/ow2/asm/asm/7.1/asm-7.1.jar:/Users/madhubabusunkara/.m2/repository/commons-validator/commons-validator/1.7/commons-validator-1.7.jar:/Users/madhubabusunkara/.m2/repository/commons-beanutils/commons-beanutils/1.9.4/commons-beanutils-1.9.4.jar:/Users/madhubabusunkara/.m2/repository/commons-digester/commons-digester/2.1/commons-digester-2.1.jar:/Users/madhubabusunkara/.m2/repository/commons-collections/commons-collections/3.2.2/commons-collections-3.2.2.jar:/Users/madhubabusunkara/.m2/repository/org/apache/commons/commons-lang3/3.11/commons-lang3-3.11.jar:/Users/madhubabusunkara/.m2/repository/commons-io/commons-io/2.8.0/commons-io-2.8.0.jar:/Users/madhubabusunkara/.m2/repository/org/springframework/spring-context/5.3.1/spring-context-5.3.1.jar:/Users/madhubabusunkara/.m2/repository/org/springframework/spring-aop/5.3.1/spring-aop-5.3.1.jar:/Users/madhubabusunkara/.m2/repository/org/springframework/spring-beans/5.3.1/spring-beans-5.3.1.jar:/Users/madhubabusunkara/.m2/repository/org/springframework/spring-core/5.3.1/spring-core-5.3.1.jar:/Users/madhubabusunkara/.m2/repository/org/springframework/spring-jcl/5.3.1/spring-jcl-5.3.1.jar:/Users/madhubabusunkara/.m2/repository/org/springframework/spring-expression/5.3.1/spring-expression-5.3.1.jar:/Users/madhubabusunkara/.m2/repository/org/aspectj/aspectjweaver/1.9.6/aspectjweaver-1.9.6.jar:/Users/madhubabusunkara/.m2/repository/org/slf4j/slf4j-api/1.7.30/slf4j-api-1.7.30.jar:"/>
    <property name="java.vm.vendor" value="Oracle Corporation"/>
    <property name="sun.arch.data.model" value="64"/>
    <property name="java.vendor.url" value="http://java.oracle.com/"/>
    <property name="user.timezone" value="Europe/Berlin"/>
    <property name="java.vm.specification.version" value="1.8"/>
    <property name="os.name" value="Mac OS X"/>
    <property name="user.country" value="IN"/>
    <property name="sun.java.launcher" value="SUN_STANDARD"/>
    <property name="sun.boot.library.path" value="/Library/Java/JavaVirtualMachines/jdk1.8.0_271.jdk/Contents/Home/jre/lib"/>
    <property name="sun.java.command" value="/Users/madhubabusunkara/eclipse-workspace/Mavenjava/target/surefire/surefirebooter5734382952347291037.jar /Users/madhubabusunkara/eclipse-workspace/Mavenjava/target/surefire 2021-01-25T18-35-52_304-jvmRun1 surefire8826167018817492291tmp surefire_03936956928073474176tmp"/>
    <property name="http.nonProxyHosts" value="local|*.local|169.254/16|*.169.254/16"/>
    <property name="surefire.test.class.path" value="/Users/madhubabusunkara/eclipse-workspace/Mavenjava/target/test-classes:/Users/madhubabusunkara/eclipse-workspace/Mavenjava/target/classes:/Users/madhubabusunkara/.m2/repository/org/seleniumhq/selenium/selenium-java/3.141.5/selenium-java-3.141.5.jar:/Users/madhubabusunkara/.m2/repository/org/seleniumhq/selenium/selenium-api/3.141.5/selenium-api-3.141.5.jar:/Users/madhubabusunkara/.m2/repository/org/seleniumhq/selenium/selenium-chrome-driver/3.141.5/selenium-chrome-driver-3.141.5.jar:/Users/madhubabusunkara/.m2/repository/org/seleniumhq/selenium/selenium-edge-driver/3.141.5/selenium-edge-driver-3.141.5.jar:/Users/madhubabusunkara/.m2/repository/org/seleniumhq/selenium/selenium-firefox-driver/3.141.5/selenium-firefox-driver-3.141.5.jar:/Users/madhubabusunkara/.m2/repository/org/seleniumhq/selenium/selenium-ie-driver/3.141.5/selenium-ie-driver-3.141.5.jar:/Users/madhubabusunkara/.m2/repository/org/seleniumhq/selenium/selenium-opera-driver/3.141.5/selenium-opera-driver-3.141.5.jar:/Users/madhubabusunkara/.m2/repository/org/seleniumhq/selenium/selenium-remote-driver/3.141.5/selenium-remote-driver-3.141.5.jar:/Users/madhubabusunkara/.m2/repository/org/seleniumhq/selenium/selenium-safari-driver/3.141.5/selenium-safari-driver-3.141.5.jar:/Users/madhubabusunkara/.m2/repository/org/seleniumhq/selenium/selenium-support/3.141.5/selenium-support-3.141.5.jar:/Users/madhubabusunkara/.m2/repository/net/bytebuddy/byte-buddy/1.8.15/byte-buddy-1.8.15.jar:/Users/madhubabusunkara/.m2/repository/org/apache/commons/commons-exec/1.3/commons-exec-1.3.jar:/Users/madhubabusunkara/.m2/repository/com/google/guava/guava/25.0-jre/guava-25.0-jre.jar:/Users/madhubabusunkara/.m2/repository/com/google/code/findbugs/jsr305/1.3.9/jsr305-1.3.9.jar:/Users/madhubabusunkara/.m2/repository/org/checkerframework/checker-compat-qual/2.0.0/checker-compat-qual-2.0.0.jar:/Users/madhubabusunkara/.m2/repository/com/google/errorprone/error_prone_annotations/2.1.3/error_prone_annotations-2.1.3.jar:/Users/madhubabusunkara/.m2/repository/com/google/j2objc/j2objc-annotations/1.1/j2objc-annotations-1.1.jar:/Users/madhubabusunkara/.m2/repository/org/codehaus/mojo/animal-sniffer-annotations/1.14/animal-sniffer-annotations-1.14.jar:/Users/madhubabusunkara/.m2/repository/com/squareup/okhttp3/okhttp/3.11.0/okhttp-3.11.0.jar:/Users/madhubabusunkara/.m2/repository/com/squareup/okio/okio/1.14.0/okio-1.14.0.jar:/Users/madhubabusunkara/.m2/repository/io/rest-assured/rest-assured/4.3.3/rest-assured-4.3.3.jar:/Users/madhubabusunkara/.m2/repository/org/codehaus/groovy/groovy/3.0.7/groovy-3.0.7.jar:/Users/madhubabusunkara/.m2/repository/org/codehaus/groovy/groovy-xml/3.0.7/groovy-xml-3.0.7.jar:/Users/madhubabusunkara/.m2/repository/org/apache/httpcomponents/httpclient/4.5.3/httpclient-4.5.3.jar:/Users/madhubabusunkara/.m2/repository/org/apache/httpcomponents/httpcore/4.4.6/httpcore-4.4.6.jar:/Users/madhubabusunkara/.m2/repository/commons-logging/commons-logging/1.2/commons-logging-1.2.jar:/Users/madhubabusunkara/.m2/repository/commons-codec/commons-codec/1.9/commons-codec-1.9.jar:/Users/madhubabusunkara/.m2/repository/org/apache/httpcomponents/httpmime/4.5.3/httpmime-4.5.3.jar:/Users/madhubabusunkara/.m2/repository/org/hamcrest/hamcrest/2.1/hamcrest-2.1.jar:/Users/madhubabusunkara/.m2/repository/org/ccil/cowan/tagsoup/tagsoup/1.2.1/tagsoup-1.2.1.jar:/Users/madhubabusunkara/.m2/repository/io/rest-assured/json-path/4.3.3/json-path-4.3.3.jar:/Users/madhubabusunkara/.m2/repository/org/codehaus/groovy/groovy-json/3.0.7/groovy-json-3.0.7.jar:/Users/madhubabusunkara/.m2/repository/io/rest-assured/rest-assured-common/4.3.3/rest-assured-common-4.3.3.jar:/Users/madhubabusunkara/.m2/repository/io/rest-assured/xml-path/4.3.3/xml-path-4.3.3.jar:/Users/madhubabusunkara/.m2/repository/jakarta/xml/bind/jakarta.xml.bind-api/2.3.3/jakarta.xml.bind-api-2.3.3.jar:/Users/madhubabusunkara/.m2/repository/jakarta/activation/jakarta.activation-api/1.2.2/jakarta.activation-api-1.2.2.jar:/Users/madhubabusunkara/.m2/repository/com/sun/xml/bind/jaxb-impl/2.3.3/jaxb-impl-2.3.3.jar:/Users/madhubabusunkara/.m2/repository/org/testng/testng/7.1.0/testng-7.1.0.jar:/Users/madhubabusunkara/.m2/repository/com/beust/jcommander/1.72/jcommander-1.72.jar:/Users/madhubabusunkara/.m2/repository/com/google/inject/guice/4.1.0/guice-4.1.0-no_aop.jar:/Users/madhubabusunkara/.m2/repository/javax/inject/javax.inject/1/javax.inject-1.jar:/Users/madhubabusunkara/.m2/repository/aopalliance/aopalliance/1.0/aopalliance-1.0.jar:/Users/madhubabusunkara/.m2/repository/org/yaml/snakeyaml/1.21/snakeyaml-1.21.jar:/Users/madhubabusunkara/.m2/repository/io/appium/java-client/7.4.1/java-client-7.4.1.jar:/Users/madhubabusunkara/.m2/repository/com/google/code/gson/gson/2.8.6/gson-2.8.6.jar:/Users/madhubabusunkara/.m2/repository/cglib/cglib/3.3.0/cglib-3.3.0.jar:/Users/madhubabusunkara/.m2/repository/org/ow2/asm/asm/7.1/asm-7.1.jar:/Users/madhubabusunkara/.m2/repository/commons-validator/commons-validator/1.7/commons-validator-1.7.jar:/Users/madhubabusunkara/.m2/repository/commons-beanutils/commons-beanutils/1.9.4/commons-beanutils-1.9.4.jar:/Users/madhubabusunkara/.m2/repository/commons-digester/commons-digester/2.1/commons-digester-2.1.jar:/Users/madhubabusunkara/.m2/repository/commons-collections/commons-collections/3.2.2/commons-collections-3.2.2.jar:/Users/madhubabusunkara/.m2/repository/org/apache/commons/commons-lang3/3.11/commons-lang3-3.11.jar:/Users/madhubabusunkara/.m2/repository/commons-io/commons-io/2.8.0/commons-io-2.8.0.jar:/Users/madhubabusunkara/.m2/repository/org/springframework/spring-context/5.3.1/spring-context-5.3.1.jar:/Users/madhubabusunkara/.m2/repository/org/springframework/spring-aop/5.3.1/spring-aop-5.3.1.jar:/Users/madhubabusunkara/.m2/repository/org/springframework/spring-beans/5.3.1/spring-beans-5.3.1.jar:/Users/madhubabusunkara/.m2/repository/org/springframework/spring-core/5.3.1/spring-core-5.3.1.jar:/Users/madhubabusunkara/.m2/repository/org/springframework/spring-jcl/5.3.1/spring-jcl-5.3.1.jar:/Users/madhubabusunkara/.m2/repository/org/springframework/spring-expression/5.3.1/spring-expression-5.3.1.jar:/Users/madhubabusunkara/.m2/repository/org/aspectj/aspectjweaver/1.9.6/aspectjweaver-1.9.6.jar:/Users/madhubabusunkara/.m2/repository/org/slf4j/slf4j-api/1.7.30/slf4j-api-1.7.30.jar:"/>
    <property name="sun.cpu.endian" value="little"/>
    <property name="user.home" value="/Users/madhubabusunkara"/>
    <property name="user.language" value="en"/>
    <property name="java.specification.vendor" value="Oracle Corporation"/>
    <property name="java.home" value="/Library/Java/JavaVirtualMachines/jdk1.8.0_271.jdk/Contents/Home/jre"/>
    <property name="basedir" value="/Users/madhubabusunkara/eclipse-workspace/Mavenjava"/>
    <property name="file.separator" value="/"/>
    <property name="line.separator" value="&#10;"/>
    <property name="java.vm.specification.vendor" value="Oracle Corporation"/>
    <property name="java.specification.name" value="Java Platform API Specification"/>
    <property name="java.awt.graphicsenv" value="sun.awt.CGraphicsEnvironment"/>
    <property name="surefire.real.class.path" value="/Users/madhubabusunkara/eclipse-workspace/Mavenjava/target/surefire/surefirebooter5734382952347291037.jar"/>
    <property name="sun.boot.class.path" value="/Library/Java/JavaVirtualMachines/jdk1.8.0_271.jdk/Contents/Home/jre/lib/resources.jar:/Library/Java/JavaVirtualMachines/jdk1.8.0_271.jdk/Contents/Home/jre/lib/rt.jar:/Library/Java/JavaVirtualMachines/jdk1.8.0_271.jdk/Contents/Home/jre/lib/sunrsasign.jar:/Library/Java/JavaVirtualMachines/jdk1.8.0_271.jdk/Contents/Home/jre/lib/jsse.jar:/Library/Java/JavaVirtualMachines/jdk1.8.0_271.jdk/Contents/Home/jre/lib/jce.jar:/Library/Java/JavaVirtualMachines/jdk1.8.0_271.jdk/Contents/Home/jre/lib/charsets.jar:/Library/Java/JavaVirtualMachines/jdk1.8.0_271.jdk/Contents/Home/jre/lib/jfr.jar:/Library/Java/JavaVirtualMachines/jdk1.8.0_271.jdk/Contents/Home/jre/classes"/>
    <property name="sun.management.compiler" value="HotSpot 64-Bit Tiered Compilers"/>
    <property name="ftp.nonProxyHosts" value="local|*.local|169.254/16|*.169.254/16"/>
    <property name="java.runtime.version" value="1.8.0_271-b09"/>
    <property name="user.name" value="madhubabusunkara"/>
    <property name="path.separator" value=":"/>
    <property name="os.version" value="10.14.6"/>
    <property name="java.endorsed.dirs" value="/Library/Java/JavaVirtualMachines/jdk1.8.0_271.jdk/Contents/Home/jre/lib/endorsed"/>
    <property name="java.runtime.name" value="Java(TM) SE Runtime Environment"/>
    <property name="file.encoding" value="UTF-8"/>
    <property name="java.vm.name" value="Java HotSpot(TM) 64-Bit Server VM"/>
    <property name="localRepository" value="/Users/madhubabusunkara/.m2/repository"/>
    <property name="java.vendor.url.bug" value="http://bugreport.sun.com/bugreport/"/>
    <property name="java.io.tmpdir" value="/var/folders/bg/q1w4tj_d5q9ck8xsxnp91qwm0000gn/T/"/>
    <property name="java.version" value="1.8.0_271"/>
    <property name="user.dir" value="/Users/madhubabusunkara/eclipse-workspace/Mavenjava"/>
    <property name="os.arch" value="x86_64"/>
    <property name="java.vm.specification.name" value="Java Virtual Machine Specification"/>
    <property name="java.awt.printerjob" value="sun.lwawt.macosx.CPrinterJob"/>
    <property name="sun.os.patch.level" value="unknown"/>
    <property name="java.library.path" value="/Users/madhubabusunkara/Library/Java/Extensions:/Library/Java/Extensions:/Network/Library/Java/Extensions:/System/Library/Java/Extensions:/usr/lib/java:."/>
    <property name="java.vm.info" value="mixed mode"/>
    <property name="java.vendor" value="Oracle Corporation"/>
    <property name="java.vm.version" value="25.271-b09"/>
    <property name="java.ext.dirs" value="/Users/madhubabusunkara/Library/Java/Extensions:/Library/Java/JavaVirtualMachines/jdk1.8.0_271.jdk/Contents/Home/jre/lib/ext:/Library/Java/Extensions:/Network/Library/Java/Extensions:/System/Library/Java/Extensions:/usr/lib/java"/>
    <property name="sun.io.unicode.encoding" value="UnicodeBig"/>
    <property name="java.class.version" value="52.0"/>
    <property name="socksNonProxyHosts" value="local|*.local|169.254/16|*.169.254/16"/>
  </properties>
  <testcase name="PostJira10" classname="qaclickacademy.SeleniumTest" time="0.008">
    <system-out><![CDATA[PostJira10
]]></system-out>
  </testcase>
  <testcase name="deletetwitter10" classname="qaclickacademy.SeleniumTest" time="0">
    <system-out><![CDATA[deletetwitter10
]]></system-out>
  </testcase>
  <testcase name="IOSApps" classname="qaclickacademy.AppiumTest" time="0.001">
    <system-out><![CDATA[IOSApps
]]></system-out>
  </testcase>
</testsuite>