<?xml version="1.0" encoding="UTF-8"?>
<!-- Generated by org.testng.reporters.JUnitReportReporter -->
<testsuite skipped="0" hostname="madhus-Air" name="qaclickacademy.SeleniumTest" tests="2" failures="0" timestamp="24 Jan 2021 17:57:48 GMT" time="0.018" errors="0">
  <testcase name="deletetwitter10" time="0.004" classname="qaclickacademy.SeleniumTest"/>
  <testcase name="PostJira10" time="0.014" classname="qaclickacademy.SeleniumTest"/>
</testsuite> <!-- qaclickacademy.SeleniumTest -->
