<?xml version="1.0" encoding="UTF-8"?>
<!-- Generated by org.testng.reporters.JUnitReportReporter -->
<testsuite skipped="0" hostname="madhus-Air" name="qaclickacademy.SeleniumTest" tests="2" failures="0" timestamp="2021-01-25T18:35:53 CET" time="0.006" errors="0">
  <testcase name="deletetwitter10" time="0.001" classname="qaclickacademy.SeleniumTest"/>
  <system-out/>
  <testcase name="PostJira10" time="0.005" classname="qaclickacademy.SeleniumTest"/>
  <system-out/>
</testsuite> <!-- qaclickacademy.SeleniumTest -->
